<?xml version="1.0" encoding="UTF-8"?>
<testsuite name="com.kafkaexample.kafkaexample.KafkaexampleApplicationTests" tests="1" skipped="0" failures="0" errors="0" timestamp="2019-08-07T17:47:31" hostname="Darshan" time="0.401">
  <properties/>
  <testcase name="contextLoads" classname="com.kafkaexample.kafkaexample.KafkaexampleApplicationTests" time="0.401"/>
  <system-out><![CDATA[23:17:25.024 [Test worker] DEBUG org.springframework.test.context.junit4.SpringJUnit4ClassRunner - SpringJUnit4ClassRunner constructor called with [class com.kafkaexample.kafkaexample.KafkaexampleApplicationTests]
23:17:25.056 [Test worker] DEBUG org.springframework.test.context.BootstrapUtils - Instantiating CacheAwareContextLoaderDelegate from class [org.springframework.test.context.cache.DefaultCacheAwareContextLoaderDelegate]
23:17:25.139 [Test worker] DEBUG org.springframework.test.context.BootstrapUtils - Instantiating BootstrapContext using constructor [public org.springframework.test.context.support.DefaultBootstrapContext(java.lang.Class,org.springframework.test.context.CacheAwareContextLoaderDelegate)]
23:17:25.164 [Test worker] DEBUG org.springframework.test.context.BootstrapUtils - Instantiating TestContextBootstrapper for test class [com.kafkaexample.kafkaexample.KafkaexampleApplicationTests] from class [org.springframework.boot.test.context.SpringBootTestContextBootstrapper]
23:17:25.180 [Test worker] INFO org.springframework.boot.test.context.SpringBootTestContextBootstrapper - Neither @ContextConfiguration nor @ContextHierarchy found for test class [com.kafkaexample.kafkaexample.KafkaexampleApplicationTests], using SpringBootContextLoader
23:17:25.185 [Test worker] DEBUG org.springframework.test.context.support.AbstractContextLoader - Did not detect default resource location for test class [com.kafkaexample.kafkaexample.KafkaexampleApplicationTests]: class path resource [com/kafkaexample/kafkaexample/KafkaexampleApplicationTests-context.xml] does not exist
23:17:25.186 [Test worker] DEBUG org.springframework.test.context.support.AbstractContextLoader - Did not detect default resource location for test class [com.kafkaexample.kafkaexample.KafkaexampleApplicationTests]: class path resource [com/kafkaexample/kafkaexample/KafkaexampleApplicationTestsContext.groovy] does not exist
23:17:25.187 [Test worker] INFO org.springframework.test.context.support.AbstractContextLoader - Could not detect default resource locations for test class [com.kafkaexample.kafkaexample.KafkaexampleApplicationTests]: no resource found for suffixes {-context.xml, Context.groovy}.
23:17:25.188 [Test worker] INFO org.springframework.test.context.support.AnnotationConfigContextLoaderUtils - Could not detect default configuration classes for test class [com.kafkaexample.kafkaexample.KafkaexampleApplicationTests]: KafkaexampleApplicationTests does not declare any static, non-private, non-final, nested classes annotated with @Configuration.
23:17:25.438 [Test worker] DEBUG org.springframework.test.context.support.ActiveProfilesUtils - Could not find an 'annotation declaring class' for annotation type [org.springframework.test.context.ActiveProfiles] and class [com.kafkaexample.kafkaexample.KafkaexampleApplicationTests]
23:17:25.533 [Test worker] DEBUG org.springframework.context.annotation.ClassPathScanningCandidateComponentProvider - Identified candidate component class: file [D:\software\eclipse\SPRINGBOOT_KAFKA_WORKSPACE\kafkaexample\build\classes\java\main\com\kafkaexample\kafkaexample\KafkaexampleApplication.class]
23:17:25.535 [Test worker] INFO org.springframework.boot.test.context.SpringBootTestContextBootstrapper - Found @SpringBootConfiguration com.kafkaexample.kafkaexample.KafkaexampleApplication for test class com.kafkaexample.kafkaexample.KafkaexampleApplicationTests
23:17:25.742 [Test worker] DEBUG org.springframework.boot.test.context.SpringBootTestContextBootstrapper - @TestExecutionListeners is not present for class [com.kafkaexample.kafkaexample.KafkaexampleApplicationTests]: using defaults.
23:17:25.743 [Test worker] INFO org.springframework.boot.test.context.SpringBootTestContextBootstrapper - Loaded default TestExecutionListener class names from location [META-INF/spring.factories]: [org.springframework.boot.test.autoconfigure.restdocs.RestDocsTestExecutionListener, org.springframework.boot.test.autoconfigure.web.client.MockRestServiceServerResetTestExecutionListener, org.springframework.boot.test.autoconfigure.web.servlet.MockMvcPrintOnlyOnFailureTestExecutionListener, org.springframework.boot.test.autoconfigure.web.servlet.WebDriverTestExecutionListener, org.springframework.boot.test.mock.mockito.MockitoTestExecutionListener, org.springframework.boot.test.mock.mockito.ResetMocksTestExecutionListener, org.springframework.test.context.web.ServletTestExecutionListener, org.springframework.test.context.support.DirtiesContextBeforeModesTestExecutionListener, org.springframework.test.context.support.DependencyInjectionTestExecutionListener, org.springframework.test.context.support.DirtiesContextTestExecutionListener, org.springframework.test.context.transaction.TransactionalTestExecutionListener, org.springframework.test.context.jdbc.SqlScriptsTestExecutionListener]
23:17:25.875 [Test worker] INFO org.springframework.boot.test.context.SpringBootTestContextBootstrapper - Using TestExecutionListeners: [org.springframework.test.context.web.ServletTestExecutionListener@3fb73634, org.springframework.test.context.support.DirtiesContextBeforeModesTestExecutionListener@46b13358, org.springframework.boot.test.mock.mockito.MockitoTestExecutionListener@4739b2bd, org.springframework.boot.test.autoconfigure.SpringBootDependencyInjectionTestExecutionListener@19d2b693, org.springframework.test.context.support.DirtiesContextTestExecutionListener@1fd2250b, org.springframework.test.context.transaction.TransactionalTestExecutionListener@50b6fe5a, org.springframework.test.context.jdbc.SqlScriptsTestExecutionListener@5a1002ab, org.springframework.boot.test.autoconfigure.restdocs.RestDocsTestExecutionListener@56fa4154, org.springframework.boot.test.autoconfigure.web.client.MockRestServiceServerResetTestExecutionListener@588edcfd, org.springframework.boot.test.autoconfigure.web.servlet.MockMvcPrintOnlyOnFailureTestExecutionListener@3f2dbd98, org.springframework.boot.test.autoconfigure.web.servlet.WebDriverTestExecutionListener@65f2f58c, org.springframework.boot.test.mock.mockito.ResetMocksTestExecutionListener@6106e887]
23:17:25.880 [Test worker] DEBUG org.springframework.test.annotation.ProfileValueUtils - Retrieved @ProfileValueSourceConfiguration [null] for test class [com.kafkaexample.kafkaexample.KafkaexampleApplicationTests]
23:17:25.881 [Test worker] DEBUG org.springframework.test.annotation.ProfileValueUtils - Retrieved ProfileValueSource type [class org.springframework.test.annotation.SystemProfileValueSource] for class [com.kafkaexample.kafkaexample.KafkaexampleApplicationTests]
23:17:26.018 [Test worker] DEBUG org.springframework.test.annotation.ProfileValueUtils - Retrieved @ProfileValueSourceConfiguration [null] for test class [com.kafkaexample.kafkaexample.KafkaexampleApplicationTests]
23:17:26.018 [Test worker] DEBUG org.springframework.test.annotation.ProfileValueUtils - Retrieved ProfileValueSource type [class org.springframework.test.annotation.SystemProfileValueSource] for class [com.kafkaexample.kafkaexample.KafkaexampleApplicationTests]
23:17:26.031 [Test worker] DEBUG org.springframework.test.context.support.AbstractDirtiesContextTestExecutionListener - Before test class: context [DefaultTestContext@713c150a testClass = KafkaexampleApplicationTests, testInstance = [null], testMethod = [null], testException = [null], mergedContextConfiguration = [WebMergedContextConfiguration@1a4c440c testClass = KafkaexampleApplicationTests, locations = '{}', classes = '{class com.kafkaexample.kafkaexample.KafkaexampleApplication}', contextInitializerClasses = '[]', activeProfiles = '{}', propertySourceLocations = '{}', propertySourceProperties = '{org.springframework.boot.test.context.SpringBootTestContextBootstrapper=true}', contextCustomizers = set[org.springframework.boot.test.autoconfigure.properties.PropertyMappingContextCustomizer@0, org.springframework.boot.test.autoconfigure.web.servlet.WebDriverContextCustomizerFactory$Customizer@696415bb, org.springframework.boot.test.context.filter.ExcludeFilterContextCustomizer@33972d62, org.springframework.boot.test.json.DuplicateJsonObjectContextCustomizerFactory$DuplicateJsonObjectContextCustomizer@7f3754c, org.springframework.boot.test.mock.mockito.MockitoContextCustomizer@0, org.springframework.boot.test.web.client.TestRestTemplateContextCustomizer@32de48ec], resourceBasePath = 'src/main/webapp', contextLoader = 'org.springframework.boot.test.context.SpringBootContextLoader', parent = [null]], attributes = map['org.springframework.test.context.web.ServletTestExecutionListener.activateListener' -> true]], class annotated with @DirtiesContext [false] with mode [null].
23:17:26.032 [Test worker] DEBUG org.springframework.test.annotation.ProfileValueUtils - Retrieved @ProfileValueSourceConfiguration [null] for test class [com.kafkaexample.kafkaexample.KafkaexampleApplicationTests]
23:17:26.033 [Test worker] DEBUG org.springframework.test.annotation.ProfileValueUtils - Retrieved ProfileValueSource type [class org.springframework.test.annotation.SystemProfileValueSource] for class [com.kafkaexample.kafkaexample.KafkaexampleApplicationTests]
23:17:26.058 [Test worker] DEBUG org.springframework.test.context.support.TestPropertySourceUtils - Adding inlined properties to environment: {spring.jmx.enabled=false, org.springframework.boot.test.context.SpringBootTestContextBootstrapper=true, server.port=-1}

  .   ____          _            __ _ _
 /\\ / ___'_ __ _ _(_)_ __  __ _ \ \ \ \
( ( )\___ | '_ | '_| | '_ \/ _` | \ \ \ \
 \\/  ___)| |_)| | | | | || (_| |  ) ) ) )
  '  |____| .__|_| |_|_| |_\__, | / / / /
 =========|_|==============|___/=/_/_/_/
 :: Spring Boot ::        (v2.1.7.RELEASE)

2019-08-07 23:17:27.285  INFO 16668 --- [    Test worker] c.k.k.KafkaexampleApplicationTests       : Starting KafkaexampleApplicationTests on Darshan with PID 16668 (started by Administrator in D:\software\eclipse\SPRINGBOOT_KAFKA_WORKSPACE\kafkaexample)
2019-08-07 23:17:27.289  INFO 16668 --- [    Test worker] c.k.k.KafkaexampleApplicationTests       : No active profile set, falling back to default profiles: default
2019-08-07 23:17:29.428  INFO 16668 --- [    Test worker] trationDelegate$BeanPostProcessorChecker : Bean 'org.springframework.kafka.annotation.KafkaBootstrapConfiguration' of type [org.springframework.kafka.annotation.KafkaBootstrapConfiguration$$EnhancerBySpringCGLIB$$4ff310d0] is not eligible for getting processed by all BeanPostProcessors (for example: not eligible for auto-proxying)
2019-08-07 23:17:30.569  INFO 16668 --- [    Test worker] o.s.s.concurrent.ThreadPoolTaskExecutor  : Initializing ExecutorService 'applicationTaskExecutor'
2019-08-07 23:17:31.291  INFO 16668 --- [    Test worker] c.k.k.KafkaexampleApplicationTests       : Started KafkaexampleApplicationTests in 5.22 seconds (JVM running for 8.118)
]]></system-out>
  <system-err><![CDATA[]]></system-err>
</testsuite>
